2025-01-07 03:02:00 - Starting theme application script.
2025-01-07 03:02:00 - No last video wallpaper applied. Prompting for new theme.
2025-01-07 03:02:01 - Selected theme: sakura_gif
2025-01-07 03:02:01 - Applying theme: sakura_gif
2025-01-07 03:02:01 - Video wallpaper: /home/dan/.config/hypr/themes/sakura_gif/pixel_sakura.gif
2025-01-07 03:02:01 - Image wallpaper: /home/dan/.config/hypr/themes/sakura_gif/pixel_sakura.gif
2025-01-07 03:02:01 - Attempting to kill all mpvpaper processes.
2025-01-07 03:02:01 - No running mpvpaper processes found.
2025-01-07 03:02:01 - Setting video wallpaper on DP-1 with /home/dan/.config/hypr/themes/sakura_gif/pixel_sakura.gif...
2025-01-07 03:02:01 - Video wallpaper applied on DP-1.
2025-01-07 03:02:01 - Applying image theme using wallust: /home/dan/.config/hypr/themes/sakura_gif/pixel_sakura.gif
2025-01-07 03:02:02 - Successfully applied theme from /home/dan/.config/hypr/themes/sakura_gif/pixel_sakura.gif.
2025-01-07 03:02:02 - Updating hyprlock.conf with new background image path: /home/dan/.config/hypr/themes/sakura_gif/pixel_sakura.gif
2025-01-07 03:02:02 - Failed to update hyprlock.conf.
2025-01-07 03:02:02 - Saved current video and image paths.
2025-01-07 03:02:02 - Theme application complete.
2025-01-07 03:02:34 - Starting theme application script.
2025-01-07 03:02:34 - Applying last video wallpaper: /home/dan/.config/hypr/themes/sakura_gif/pixel_sakura.gif
2025-01-07 03:02:34 - Setting video wallpaper on DP-1 with /home/dan/.config/hypr/themes/sakura_gif/pixel_sakura.gif...
2025-01-07 03:02:34 - Video wallpaper applied on DP-1.
2025-01-07 03:02:35 - Selected theme: sakura_gif
2025-01-07 03:02:35 - Applying theme: sakura_gif
2025-01-07 03:02:35 - Video wallpaper: /home/dan/.config/hypr/themes/sakura_gif/pixel_sakura.gif
2025-01-07 03:02:35 - Image wallpaper: /home/dan/.config/hypr/themes/sakura_gif/pixel_sakura.gif
2025-01-07 03:02:35 - Attempting to kill all mpvpaper processes.
2025-01-07 03:02:35 - No running mpvpaper processes found.
2025-01-07 03:02:35 - Setting video wallpaper on DP-1 with /home/dan/.config/hypr/themes/sakura_gif/pixel_sakura.gif...
2025-01-07 03:02:35 - Video wallpaper applied on DP-1.
2025-01-07 03:02:35 - Applying image theme using wallust: /home/dan/.config/hypr/themes/sakura_gif/pixel_sakura.gif
2025-01-07 03:02:35 - Successfully applied theme from /home/dan/.config/hypr/themes/sakura_gif/pixel_sakura.gif.
2025-01-07 03:02:35 - Updating hyprlock.conf with new background image path: /home/dan/.config/hypr/themes/sakura_gif/pixel_sakura.gif
2025-01-07 03:02:35 - Updated hyprlock.conf successfully.
2025-01-07 03:02:35 - Saved current video and image paths.
2025-01-07 03:02:35 - Theme application complete.
2025-01-07 03:04:03 - Starting theme application script.
2025-01-07 03:04:03 - Applying last video wallpaper: /home/dan/.config/hypr/themes/sakura_gif/pixel_sakura.gif
2025-01-07 03:04:03 - Setting video wallpaper on DP-1 with /home/dan/.config/hypr/themes/sakura_gif/pixel_sakura.gif...
2025-01-07 03:04:03 - Video wallpaper applied on DP-1.
2025-01-07 03:04:04 - Selected theme: sakura_gif
2025-01-07 03:04:04 - Applying theme: sakura_gif
2025-01-07 03:04:04 - Video wallpaper: /home/dan/.config/hypr/themes/sakura_gif/pixel_sakura.gif
2025-01-07 03:04:04 - Image wallpaper: /home/dan/.config/hypr/themes/sakura_gif/pixel_sakura.gif
2025-01-07 03:04:04 - Attempting to kill all mpvpaper processes.
2025-01-07 03:04:04 - No running mpvpaper processes found.
2025-01-07 03:04:04 - Setting video wallpaper on DP-1 with /home/dan/.config/hypr/themes/sakura_gif/pixel_sakura.gif...
2025-01-07 03:04:04 - Video wallpaper applied on DP-1.
2025-01-07 03:04:04 - Applying image theme using wallust: /home/dan/.config/hypr/themes/sakura_gif/pixel_sakura.gif
2025-01-07 03:04:04 - Successfully applied theme from /home/dan/.config/hypr/themes/sakura_gif/pixel_sakura.gif.
2025-01-07 03:04:04 - Updating hyprlock.conf with new background image path: /home/dan/.config/hypr/themes/sakura_gif/pixel_sakura.gif
2025-01-07 03:04:04 - Updated hyprlock.conf successfully.
2025-01-07 03:04:04 - Saved current video and image paths.
2025-01-07 03:04:04 - Theme application complete.
2025-01-07 03:04:42 - Starting theme application script.
2025-01-07 03:04:42 - Applying last video wallpaper: /home/dan/.config/hypr/themes/sakura_gif/pixel_sakura.gif
2025-01-07 03:04:42 - Setting video wallpaper on DP-1 with /home/dan/.config/hypr/themes/sakura_gif/pixel_sakura.gif...
2025-01-07 03:04:42 - Video wallpaper applied on DP-1.
2025-01-07 03:04:43 - Selected theme: sakura_gif
2025-01-07 03:04:43 - Applying theme: sakura_gif
2025-01-07 03:04:43 - Video wallpaper: /home/dan/.config/hypr/themes/sakura_gif/pixel_sakura.gif
2025-01-07 03:04:43 - Image wallpaper: /home/dan/.config/hypr/themes/sakura_gif/pixel_sakura.gif
2025-01-07 03:04:43 - Attempting to kill all mpvpaper processes.
2025-01-07 03:04:43 - Attempting to kill process 1240443.
2025-01-07 03:04:43 - Successfully killed process 1240443.
2025-01-07 03:04:43 - All mpvpaper processes killed.
2025-01-07 03:04:43 - Setting video wallpaper on DP-1 with /home/dan/.config/hypr/themes/sakura_gif/pixel_sakura.gif...
2025-01-07 03:04:43 - Video wallpaper applied on DP-1.
2025-01-07 03:04:43 - Applying image theme using wallust: /home/dan/.config/hypr/themes/sakura_gif/pixel_sakura.gif
2025-01-07 03:04:43 - Successfully applied theme from /home/dan/.config/hypr/themes/sakura_gif/pixel_sakura.gif.
2025-01-07 03:04:43 - Updating hyprlock.conf with new background image path: /home/dan/.config/hypr/themes/sakura_gif/pixel_sakura.gif
2025-01-07 03:04:43 - Updated hyprlock.conf successfully.
2025-01-07 03:04:43 - Saved current video and image paths.
2025-01-07 03:04:43 - Theme application complete.
2025-01-07 03:09:25 - Starting theme application script.
2025-01-07 03:09:25 - Applying last video wallpaper: /home/dan/.config/hypr/themes/sakura_gif/pixel_sakura.gif
2025-01-07 03:09:25 - Setting video wallpaper on DP-1 with /home/dan/.config/hypr/themes/sakura_gif/pixel_sakura.gif...
2025-01-07 03:09:25 - Video wallpaper applied on DP-1.
2025-01-07 03:09:26 - Selected theme: sakura_gif
2025-01-07 03:09:26 - Applying theme: sakura_gif
2025-01-07 03:09:26 - Video wallpaper: /home/dan/.config/hypr/themes/sakura_gif/pixel_sakura.gif
2025-01-07 03:09:26 - Image wallpaper: /home/dan/.config/hypr/themes/sakura_gif/pixel_sakura.gif
2025-01-07 03:09:26 - Attempting to kill all mpvpaper processes.
2025-01-07 03:09:26 - Attempting to kill process 1240514.
2025-01-07 03:09:26 - Successfully killed process 1240514.
2025-01-07 03:09:26 - Attempting to kill process 1244436.
2025-01-07 03:09:26 - Successfully killed process 1244436.
2025-01-07 03:09:26 - All mpvpaper processes killed.
2025-01-07 03:09:26 - Setting video wallpaper on DP-1 with /home/dan/.config/hypr/themes/sakura_gif/pixel_sakura.gif...
2025-01-07 03:09:26 - Video wallpaper applied on DP-1.
2025-01-07 03:09:26 - Applying image theme using wallust: /home/dan/.config/hypr/themes/sakura_gif/pixel_sakura.gif
2025-01-07 03:09:26 - Successfully applied theme from /home/dan/.config/hypr/themes/sakura_gif/pixel_sakura.gif.
2025-01-07 03:09:26 - Updating hyprlock.conf with new background image path: /home/dan/.config/hypr/themes/sakura_gif/pixel_sakura.gif
2025-01-07 03:09:26 - Updated hyprlock.conf successfully.
2025-01-07 03:09:26 - Saved current video and image paths.
2025-01-07 03:09:26 - Theme application complete.
2025-01-07 03:10:54 - Starting theme application script.
2025-01-07 03:10:54 - Applying last video wallpaper: /home/dan/.config/hypr/themes/sakura_gif/pixel_sakura.gif
2025-01-07 03:10:54 - Setting video wallpaper on DP-1 with /home/dan/.config/hypr/themes/sakura_gif/pixel_sakura.gif...
2025-01-07 03:10:54 - Video wallpaper applied on DP-1.
2025-01-07 03:10:55 - Selected theme: sakura_gif
2025-01-07 03:10:55 - Applying theme: sakura_gif
2025-01-07 03:10:55 - Video wallpaper: /home/dan/.config/hypr/themes/sakura_gif/pixel_sakura.gif
2025-01-07 03:10:55 - Image wallpaper: /home/dan/.config/hypr/themes/sakura_gif/pixel_sakura.gif
2025-01-07 03:10:55 - Attempting to kill all mpvpaper processes.
2025-01-07 03:10:55 - Attempting to kill process 1244500.
2025-01-07 03:10:55 - Successfully killed process 1244500.
2025-01-07 03:10:55 - Attempting to kill process 1245862.
2025-01-07 03:10:55 - Successfully killed process 1245862.
2025-01-07 03:10:55 - All mpvpaper processes killed.
2025-01-07 03:10:55 - Setting video wallpaper on DP-1 with /home/dan/.config/hypr/themes/sakura_gif/pixel_sakura.gif...
2025-01-07 03:10:55 - Video wallpaper applied on DP-1.
2025-01-07 03:10:55 - Applying image theme using wallust: /home/dan/.config/hypr/themes/sakura_gif/pixel_sakura.gif
2025-01-07 03:10:55 - Successfully applied theme from /home/dan/.config/hypr/themes/sakura_gif/pixel_sakura.gif.
2025-01-07 03:10:55 - Updating hyprlock.conf with new background image path: /home/dan/.config/hypr/themes/sakura_gif/pixel_sakura.gif
2025-01-07 03:10:55 - Updated hyprlock.conf successfully.
2025-01-07 03:10:55 - Saved current video and image paths.
2025-01-07 03:10:55 - Theme application complete.
2025-01-07 03:11:15 - Starting theme application script.
2025-01-07 03:11:15 - Applying last video wallpaper: /home/dan/.config/hypr/themes/sakura_gif/pixel_sakura.gif
2025-01-07 03:11:15 - Setting video wallpaper on DP-1 with /home/dan/.config/hypr/themes/sakura_gif/pixel_sakura.gif...
2025-01-07 03:11:15 - Video wallpaper applied on DP-1.
2025-01-07 03:11:16 - Selected theme: sakura_gif
2025-01-07 03:11:16 - Applying theme: sakura_gif
2025-01-07 03:11:16 - Video wallpaper: /home/dan/.config/hypr/themes/sakura_gif/pixel_sakura.gif
2025-01-07 03:11:16 - Image wallpaper: /home/dan/.config/hypr/themes/sakura_gif/pixel_sakura.gif
2025-01-07 03:11:16 - Attempting to kill all mpvpaper processes.
2025-01-07 03:11:16 - Attempting to kill process 1245946.
2025-01-07 03:11:16 - Successfully killed process 1245946.
2025-01-07 03:11:16 - Attempting to kill process 1246264.
2025-01-07 03:11:16 - Successfully killed process 1246264.
2025-01-07 03:11:16 - All mpvpaper processes killed.
2025-01-07 03:11:16 - Setting video wallpaper on DP-1 with /home/dan/.config/hypr/themes/sakura_gif/pixel_sakura.gif...
2025-01-07 03:11:16 - Video wallpaper applied on DP-1.
2025-01-07 03:11:16 - Applying image theme using wallust: /home/dan/.config/hypr/themes/sakura_gif/pixel_sakura.gif
2025-01-07 03:11:16 - Successfully applied theme from /home/dan/.config/hypr/themes/sakura_gif/pixel_sakura.gif.
2025-01-07 03:11:16 - Updating hyprlock.conf with new background image path: /home/dan/.config/hypr/themes/sakura_gif/pixel_sakura.gif
2025-01-07 03:11:16 - Updated hyprlock.conf successfully.
2025-01-07 03:11:16 - Saved current video and image paths.
2025-01-07 03:11:16 - Theme application complete.
